<?xml version="1.0" encoding="UTF-8"?>
<testsuite name="tst.GlovoTest" tests="1" skipped="0" failures="0" errors="0" timestamp="2022-07-18T21:31:23" hostname="RICHARD2" time="0.027">
  <properties/>
  <testcase name="TestOne()" classname="tst.GlovoTest" time="0.027"/>
  <system-out><![CDATA[]]></system-out>
  <system-err><![CDATA[]]></system-err>
</testsuite>
